OMPL version 1.8.0
Experiment KinematicChain
1 experiment properties
num_links INTEGER = 20
Running on MacBook-Air-913.local
Starting at 2025-09-22 19:27:25
<<<|
Properties of the state space 'RealVectorSpace0'
  - signature: 2 1 20 
  - dimension: 20
  - extent: 28.0993
  - sanity checks for state space passed
  - probability of valid states: 0.032
  - average length of a valid motion: 0.496961
  - average number of samples drawn per second: sampleUniform()=9.61538e+06 sampleUniformNear()=9.25926e+06 sampleGaussian()=1.55039e+06
Settings for the state space 'RealVectorSpace0'
  - state validity check resolution: 1%
  - valid segment count factor: 1
  - state space:
Real vector state space 'RealVectorSpace0' of dimension 20 with bounds: 
  - min: -3.14159 -3.14159 -3.14159 -3.14159 -3.14159 -3.14159 -3.14159 -3.14159 -3.14159 -3.14159 -3.14159 -3.14159 -3.14159 -3.14159 -3.14159 -3.14159 -3.14159 -3.14159 -3.14159 -3.14159 
  - max: 3.14159 3.14159 3.14159 3.14159 3.14159 3.14159 3.14159 3.14159 3.14159 3.14159 3.14159 3.14159 3.14159 3.14159 3.14159 3.14159 3.14159 3.14159 3.14159 3.14159 

Declared parameters:
longest_valid_segment_fraction = 0.01
projection.cellsize.0 = 0.515991
projection.cellsize.1 = 0.470246
projection.cellsize.2 = 0.533654
projection.cellsize_factor = 0
valid_segment_count_factor = 1
Valid state sampler named uniform with parameters:
nr_attempts = 100
Start states:
RealVectorState [0 0.15708 0.15708 0.15708 0.15708 0.15708 0.15708 0.15708 0.15708 0.15708 0.15708 0.15708 0.15708 0.15708 0.15708 0.15708 0.15708 0.15708 0.15708 0.15708]
Goal state, threshold = 2.22045e-16, memory address = 0x60000143c4c8, state = 
RealVectorState [3.14059 0 0 0 0 0 0 0 0 0 0 0 0 0 0 0 0 0 0 0]
OptimizationObjective = nullptr
There are 0 solutions

Properties of benchmarked planners:
Planner EST specs:
Multithreaded:                 No
Reports approximate solutions: Yes
Can optimize solutions:        No
Aware of the following parameters: goal_bias range
Planner RRT specs:
Multithreaded:                 No
Reports approximate solutions: Yes
Can optimize solutions:        No
Aware of the following parameters: goal_bias intermediate_states range
Planner RTP specs:
Multithreaded:                 No
Reports approximate solutions: Yes
Can optimize solutions:        No
Aware of the following parameters: goal_bias intermediate_states
|>>>
<<<|
hw.ncpu: 8
hw.byteorder: 1234
hw.memsize: 17179869184
hw.activecpu: 8
hw.perflevel0.physicalcpu: 4
hw.perflevel0.physicalcpu_max: 4
hw.perflevel0.logicalcpu: 4
hw.perflevel0.logicalcpu_max: 4
hw.perflevel0.l1icachesize: 196608
hw.perflevel0.l1dcachesize: 131072
hw.perflevel0.l2cachesize: 16777216
hw.perflevel0.cpusperl2: 4
hw.perflevel0.name: Performance
hw.perflevel1.physicalcpu: 4
hw.perflevel1.physicalcpu_max: 4
hw.perflevel1.logicalcpu: 4
hw.perflevel1.logicalcpu_max: 4
hw.perflevel1.l1icachesize: 131072
hw.perflevel1.l1dcachesize: 65536
hw.perflevel1.l2cachesize: 4194304
hw.perflevel1.cpusperl2: 4
hw.perflevel1.name: Efficiency
hw.optional.arm.FEAT_CRC32: 1
hw.optional.arm.FEAT_FlagM: 1
hw.optional.arm.FEAT_FlagM2: 1
hw.optional.arm.FEAT_FHM: 1
hw.optional.arm.FEAT_DotProd: 1
hw.optional.arm.FEAT_SHA3: 1
hw.optional.arm.FEAT_RDM: 1
hw.optional.arm.FEAT_LSE: 1
hw.optional.arm.FEAT_SHA256: 1
hw.optional.arm.FEAT_SHA512: 1
hw.optional.arm.FEAT_SHA1: 1
hw.optional.arm.FEAT_AES: 1
hw.optional.arm.FEAT_PMULL: 1
hw.optional.arm.FEAT_SPECRES: 0
hw.optional.arm.FEAT_SPECRES2: 0
hw.optional.arm.FEAT_SB: 1
hw.optional.arm.FEAT_FRINTTS: 1
hw.optional.arm.FEAT_PACIMP: 1
hw.optional.arm.FEAT_LRCPC: 1
hw.optional.arm.FEAT_LRCPC2: 1
hw.optional.arm.FEAT_FCMA: 1
hw.optional.arm.FEAT_JSCVT: 1
hw.optional.arm.FEAT_PAuth: 1
hw.optional.arm.FEAT_PAuth2: 1
hw.optional.arm.FEAT_FPAC: 1
hw.optional.arm.FEAT_FPACCOMBINE: 0
hw.optional.arm.FEAT_DPB: 1
hw.optional.arm.FEAT_DPB2: 1
hw.optional.arm.FEAT_BF16: 1
hw.optional.arm.FEAT_EBF16: 0
hw.optional.arm.FEAT_I8MM: 1
hw.optional.arm.FEAT_WFxT: 0
hw.optional.arm.FEAT_RPRES: 0
hw.optional.arm.FEAT_CSSC: 0
hw.optional.arm.FEAT_HBC: 0
hw.optional.arm.FEAT_ECV: 1
hw.optional.arm.FEAT_AFP: 0
hw.optional.arm.FEAT_LSE2: 1
hw.optional.arm.FEAT_CSV2: 1
hw.optional.arm.FEAT_CSV3: 1
hw.optional.arm.FEAT_DIT: 1
hw.optional.arm.AdvSIMD: 1
hw.optional.arm.AdvSIMD_HPFPCvt: 1
hw.optional.arm.FEAT_FP16: 1
hw.optional.arm.FEAT_SSBS: 1
hw.optional.arm.FEAT_BTI: 1
hw.optional.arm.FEAT_SME: 0
hw.optional.arm.FEAT_SME2: 0
hw.optional.arm.SME_F32F32: 0
hw.optional.arm.SME_BI32I32: 0
hw.optional.arm.SME_B16F32: 0
hw.optional.arm.SME_F16F32: 0
hw.optional.arm.SME_I8I32: 0
hw.optional.arm.SME_I16I32: 0
hw.optional.arm.FEAT_SME_F64F64: 0
hw.optional.arm.FEAT_SME_I16I64: 0
hw.optional.arm.FP_SyncExceptions: 1
hw.optional.arm.caps: 868632327146696703
hw.optional.arm.sme_max_svl_b: 0
hw.optional.floatingpoint: 1
hw.optional.neon: 1
hw.optional.neon_hpfp: 1
hw.optional.neon_fp16: 1
hw.optional.armv8_crc32: 1
hw.optional.armv8_gpi: 1
hw.optional.armv8_1_atomics: 1
hw.optional.armv8_2_fhm: 1
hw.optional.armv8_2_sha512: 1
hw.optional.armv8_2_sha3: 1
hw.optional.armv8_3_compnum: 1
hw.optional.watchpoint: 4
hw.optional.breakpoint: 6
hw.optional.ucnormal_mem: 1
hw.optional.arm64: 1
hw.features.allows_security_research: 0
hw.physicalcpu: 8
hw.physicalcpu_max: 8
hw.logicalcpu: 8
hw.logicalcpu_max: 8
hw.cputype: 16777228
hw.cpusubtype: 2
hw.cpu64bit_capable: 1
hw.cpufamily: -634136515
hw.cpusubfamily: 2
hw.cacheconfig: 8 1 4 0 0 0 0 0 0 0
hw.cachesize: 3700228096 65536 4194304 0 0 0 0 0 0 0
hw.pagesize: 16384
hw.pagesize32: 16384
hw.cachelinesize: 128
hw.l1icachesize: 131072
hw.l1dcachesize: 65536
hw.l2cachesize: 4194304
hw.tbfrequency: 24000000
hw.memsize_usable: 16585129984
hw.packages: 1
hw.osenvironment: 
hw.ephemeral_storage: 0
hw.use_recovery_securityd: 0
hw.use_kernelmanagerd: 1
hw.serialdebugmode: 0
hw.nperflevels: 2
hw.targettype: J413
|>>>
2837207231 is the random seed
60 seconds per run
1024 MB per run
20 runs per planner
909.146 seconds spent to collect the data
1 enum type
status|Unknown status|Invalid start|Invalid goal|Unrecognized goal type|Timeout|Approximate solution|Exact solution|Crash|Unknown status|Unknown status
3 planners
geometric_EST
8 common properties
goal_bias = 0.05
longest_valid_segment_fraction = 0.01
projection.cellsize.0 = 0.515991
projection.cellsize.1 = 0.470246
projection.cellsize.2 = 0.533654
projection.cellsize_factor = 0
range = 5.61985
valid_segment_count_factor = 1
22 properties for each run
approximate solution BOOLEAN
correct solution BOOLEAN
correct solution strict BOOLEAN
graph motions INTEGER
graph states INTEGER
memory REAL
simplification time REAL
simplified correct solution BOOLEAN
simplified correct solution strict BOOLEAN
simplified solution clearance REAL
simplified solution length REAL
simplified solution segments INTEGER
simplified solution smoothness REAL
solution clearance REAL
solution difference REAL
solution length REAL
solution segments INTEGER
solution smoothness REAL
solved BOOLEAN
status ENUM
time REAL
valid segment fraction REAL
20 runs
0; 1; 0; 51; 52; 4.71875; 0.025058; 1; 0; 0; 23.7968; 6; 0.217227; 0; 0; 23.6036; 4; 0.143757; 1; 6; 12.1286; 0.00081218; 
0; 1; 0; 26; 27; 4.79688; 0.018756; 1; 1; 0; 26.7196; 6; 1.18085; 0; 0; 30.7546; 5; 0.850421; 1; 6; 2.36563; 0.00196212; 
0; 1; 0; 38; 39; 4.82812; 0.023343; 0; 0; 0; 29.7684; 9; 1.27871; 0; 0; 29.2707; 5; 0.872652; 1; 6; 7.35045; 0.000958991; 
0; 1; 1; 54; 55; 4.40625; 0.030695; 1; 0; 0; 24.049; 8; 1.32103; 0; 0; 25.5226; 7; 1.18605; 1; 6; 12.2816; 0.000856748; 
0; 1; 1; 52; 53; 4.4375; 0.019942; 1; 1; 0; 23.3396; 7; 0.379248; 0; 0; 24.9492; 5; 0.311486; 1; 6; 13.7484; 0.000721171; 
0; 1; 0; 56; 57; 4.46875; 0.02013; 1; 0; 0; 21.9336; 5; 0.478784; 0; 0; 23.8042; 5; 0.867345; 1; 6; 16.8429; 0.000634453; 
0; 1; 1; 16; 17; 4.46875; 0.015084; 1; 0; 0; 21.7013; 4; 0.198677; 0; 0; 21.9825; 4; 0.317745; 1; 6; 0.695902; 0.00405166; 
0; 1; 0; 56; 57; 4.48438; 0.028942; 0; 0; 0; 28.773; 6; 1.93579; 0; 0; 22.6881; 4; 0.246681; 1; 6; 13.2879; 0.000792685; 
0; 1; 0; 39; 40; 4.48438; 0.015362; 1; 0; 0; 25.5776; 8; 1.52099; 0; 0; 23.6115; 5; 0.447031; 1; 6; 8.38341; 0.000855151; 
0; 1; 1; 39; 40; 4.46875; 0.022888; 1; 1; 0; 24.2256; 7; 1.28913; 0; 0; 32.3274; 6; 1.46228; 1; 6; 4.98884; 0.00146182; 
0; 1; 1; 24; 25; 4.46875; 0.016568; 1; 0; 0; 21.8553; 5; 0.298057; 0; 0; 22.172; 4; 0.24614; 1; 6; 2.79287; 0.00153394; 
0; 1; 1; 60; 61; 4.46875; 0.021571; 1; 0; 0; 24.9685; 9; 3.02911; 0; 0; 29.6689; 6; 0.95761; 1; 6; 13.8781; 0.00081324; 
0; 1; 0; 24; 25; 4.48438; 0.024109; 1; 1; 0; 27.8684; 5; 0.357159; 0; 0; 24.3826; 4; 0.207116; 1; 6; 1.83232; 0.00232468; 
0; 1; 1; 31; 32; 4.5; 0.02155; 1; 0; 0; 23.4423; 8; 1.03611; 0; 0; 24.1279; 6; 0.74918; 1; 6; 4.76002; 0.00121155; 
0; 1; 1; 45; 46; 4.54688; 0.017489; 1; 1; 0; 23.4401; 5; 0.191404; 0; 0; 23.7632; 5; 0.284935; 1; 6; 6.23528; 0.00133849; 
0; 1; 1; 58; 59; 4.54688; 0.023906; 1; 0; 0; 25.3342; 9; 0.8386; 0; 0; 23.6183; 5; 0.360392; 1; 6; 15.8934; 0.000700695; 
0; 1; 0; 34; 35; 4.60938; 0.018895; 1; 0; 0; 20.4491; 3; 0.0458412; 0; 0; 22.5298; 4; 0.28453; 1; 6; 5.80701; 0.00105942; 
0; 1; 1; 31; 32; 4.60938; 0.017599; 1; 1; 0; 25.3802; 7; 0.36493; 0; 0; 36.4979; 5; 0.509214; 1; 6; 2.99148; 0.001873; 
0; 1; 0; 17; 18; 4.60938; 0.020432; 1; 1; 0; 23.2349; 5; 0.258986; 0; 0; 24.4122; 5; 0.565364; 1; 6; 1.07137; 0.0027318; 
0; 1; 0; 85; 86; 4.54688; 0.025111; 0; 0; 0; 34.6502; 9; 1.42197; 0; 0; 31.1943; 6; 1.26809; 1; 6; 30.125; 0.000528755; 
.
geometric_RRT
9 common properties
goal_bias = 0.05
intermediate_states = 0
longest_valid_segment_fraction = 0.01
projection.cellsize.0 = 0.515991
projection.cellsize.1 = 0.470246
projection.cellsize.2 = 0.533654
projection.cellsize_factor = 0
range = 5.61985
valid_segment_count_factor = 1
22 properties for each run
approximate solution BOOLEAN
correct solution BOOLEAN
correct solution strict BOOLEAN
graph motions INTEGER
graph states INTEGER
memory REAL
simplification time REAL
simplified correct solution BOOLEAN
simplified correct solution strict BOOLEAN
simplified solution clearance REAL
simplified solution length REAL
simplified solution segments INTEGER
simplified solution smoothness REAL
solution clearance REAL
solution difference REAL
solution length REAL
solution segments INTEGER
solution smoothness REAL
solved BOOLEAN
status ENUM
time REAL
valid segment fraction REAL
20 runs
0; 1; 0; 33; 34; 4.59375; 0.025239; 0; 0; 0; 34.4364; 9; 1.11059; 0; 0; 25.2247; 7; 0.740643; 1; 6; 11.8402; 3.47386e-05; 
0; 1; 0; 19; 20; 4.625; 0.031618; 1; 0; 0; 27.2042; 7; 0.701528; 0; 0; 24.3924; 7; 0.700517; 1; 6; 5.15786; 3.59274e-05; 
0; 1; 0; 76; 77; 4.59375; 0.031519; 1; 0; 0; 23.6422; 9; 2.48792; 0; 0; 30.2469; 11; 9.48668; 1; 6; 37.0158; 3.48358e-05; 
0; 1; 0; 19; 20; 4.625; 0.023356; 0; 0; 0; 34.5077; 8; 1.97242; 0; 0; 24.6535; 6; 0.627717; 1; 6; 3.65624; 5.06769e-05; 
0; 1; 0; 41; 42; 4.625; 0.032475; 1; 0; 0; 23.6806; 6; 0.271769; 0; 0; 33.6365; 11; 6.82371; 1; 6; 9.32502; 6.53093e-05; 
0; 1; 0; 10; 11; 4.6875; 0.053143; 0; 0; 0; 32.2447; 7; 1.32726; 0; 0; 23.6604; 6; 0.530659; 1; 6; 1.19266; 6.47756e-05; 
0; 1; 0; 10; 11; 4.6875; 0.023563; 1; 0; 0; 23.9032; 6; 0.932036; 0; 0; 30.0558; 9; 2.9995; 1; 6; 1.91793; 3.37283e-05; 
0; 1; 0; 109; 110; 2.82812; 0.032248; 0; 0; 0; 35.7302; 9; 3.07003; 0; 0; 31.4071; 12; 7.93284; 1; 6; 57.821; 3.99985e-05; 
0; 1; 0; 14; 15; 3; 0.019191; 1; 0; 0; 24.3603; 8; 2.76906; 0; 0; 25.7574; 7; 1.05442; 1; 6; 4.50538; 2.51978e-05; 
0; 1; 1; 25; 26; 3.0625; 0.029916; 1; 1; 0; 22.2579; 5; 0.214095; 0; 0; 26.1393; 7; 1.26665; 1; 6; 3.97163; 6.7281e-05; 
0; 1; 0; 28; 29; 3.1875; 0.036254; 1; 0; 0; 23.8463; 7; 0.754441; 0; 0; 26.3544; 8; 1.46381; 1; 6; 8.56018; 3.64155e-05; 
0; 1; 0; 10; 11; 3.25; 0.019612; 1; 0; 0; 23.5359; 8; 1.21499; 0; 0; 26.2487; 6; 0.48219; 1; 6; 1.35042; 5.79482e-05; 
0; 1; 0; 32; 33; 3.29688; 0.024206; 1; 0; 0; 27.7144; 8; 2.45681; 0; 0; 34.7086; 12; 4.65756; 1; 6; 5.11813; 7.49811e-05; 
0; 1; 0; 53; 54; 3.20312; 0.040849; 0; 0; 0; 39.2043; 13; 4.10418; 0; 0; 32.4467; 12; 7.27351; 1; 6; 14.4026; 6.86201e-05; 
0; 1; 0; 34; 35; 3.23438; 0.031582; 1; 0; 0; 28.8533; 6; 1.17605; 0; 0; 27.8481; 7; 0.93708; 1; 6; 9.13212; 4.91168e-05; 
0; 1; 0; 22; 23; 3.29688; 0.046409; 0; 0; 0; 25.0409; 7; 0.934804; 0; 0; 31.6591; 9; 3.40673; 1; 6; 6.62203; 3.6885e-05; 
0; 1; 0; 15; 16; 3.29688; 0.019044; 1; 0; 0; 25.5272; 9; 2.51739; 0; 0; 26.5029; 8; 2.93406; 1; 6; 3.59492; 3.57745e-05; 
0; 1; 0; 15; 16; 3.34375; 0.0407; 0; 0; 0; 23.7034; 7; 1.37627; 0; 0; 26.4801; 8; 4.3672; 1; 6; 3.64117; 3.8414e-05; 
0; 1; 0; 23; 24; 3.51562; 0.040112; 0; 0; 0; 32.597; 10; 2.56519; 0; 0; 26.0753; 7; 1.17392; 1; 6; 4.50729; 5.45397e-05; 
0; 1; 0; 23; 24; 3.51562; 0.025789; 1; 0; 0; 27.2494; 7; 1.15534; 0; 0; 35.821; 10; 2.52971; 1; 6; 5.49254; 4.03227e-05; 
.
geometric_RTP
8 common properties
goal_bias = 0.05
intermediate_states = 0
longest_valid_segment_fraction = 0.01
projection.cellsize.0 = 0.515991
projection.cellsize.1 = 0.470246
projection.cellsize.2 = 0.533654
projection.cellsize_factor = 0
valid_segment_count_factor = 1
22 properties for each run
approximate solution BOOLEAN
correct solution BOOLEAN
correct solution strict BOOLEAN
graph motions INTEGER
graph states INTEGER
memory REAL
simplification time REAL
simplified correct solution BOOLEAN
simplified correct solution strict BOOLEAN
simplified solution clearance REAL
simplified solution length REAL
simplified solution segments INTEGER
simplified solution smoothness REAL
solution clearance REAL
solution difference REAL
solution length REAL
solution segments INTEGER
solution smoothness REAL
solved BOOLEAN
status ENUM
time REAL
valid segment fraction REAL
20 runs
0; 1; 1; 105; 106; 3.89062; 0.015578; 1; 1; 0; 22.8911; 6; 0.282411; 0; 0; 23.6037; 4; 0.403207; 1; 6; 32.2051; 0.000411573; 
1; 1; 1; 169; 170; 3.6875; 0.0128; 1; 1; 0; 11.6526; 7; 0.530589; 0; 9.84455; 11.7971; 3; 0.153524; 0; 5; 60.1111; 0.000395209; 
0; 1; 0; 31; 32; 3.96875; 0.017005; 1; 0; 0; 26.0831; 9; 0.906754; 0; 0; 22.9355; 5; 0.353512; 1; 6; 5.24388; 0.000614799; 
0; 1; 0; 91; 92; 4.07812; 0.02537; 1; 0; 0; 25.9841; 9; 3.24258; 0; 0; 24.7578; 5; 0.767472; 1; 6; 24.0319; 0.000460832; 
0; 1; 0; 24; 25; 4.07812; 0.030899; 0; 0; 0; 38.0057; 7; 0.954837; 0; 0; 23.5829; 4; 0.300389; 1; 6; 3.03154; 0.000874444; 
0; 1; 0; 59; 60; 4.07812; 0.024209; 1; 1; 0; 24.1268; 6; 0.210419; 0; 0; 24.116; 4; 0.163822; 1; 6; 17.0241; 0.000389961; 
1; 1; 1; 174; 175; 3.78125; 0.012972; 1; 1; 0; 9.95938; 3; 0.316118; 0; 11.1086; 8.84166; 2; 0.0532796; 0; 5; 60.0069; 0.000404639; 
0; 1; 0; 52; 53; 3.89062; 0.018478; 1; 0; 0; 22.4451; 7; 0.827388; 0; 0; 22.9136; 5; 0.367745; 1; 6; 10.2884; 0.000553133; 
0; 1; 0; 13; 14; 3.89062; 0.02501; 1; 1; 0; 24.8129; 7; 0.57941; 0; 0; 23.7977; 4; 0.236795; 1; 6; 0.746529; 0.0017499; 
0; 1; 0; 43; 44; 3.84375; 0.022276; 0; 0; 0; 33.756; 11; 7.09816; 0; 0; 28.2759; 6; 1.02587; 1; 6; 8.33446; 0.000545485; 
0; 1; 0; 101; 102; 3.89062; 0.024366; 1; 1; 0; 25.4866; 9; 1.01981; 0; 0; 28.7676; 6; 1.78119; 1; 6; 30.0435; 0.000421409; 
0; 1; 0; 152; 153; 3.64062; 0.026383; 1; 1; 0; 25.9778; 7; 2.35043; 0; 0; 23.6337; 5; 0.480404; 1; 6; 50.6867; 0.00040092; 
0; 1; 1; 141; 142; 3.82812; 0.015495; 1; 1; 0; 22.6662; 5; 0.135027; 0; 0; 28.6956; 5; 0.658382; 1; 6; 51.1711; 0.000368803; 
1; 1; 0; 103; 104; 2.98438; 0.019011; 1; 0; 0; 12.5875; 4; 0.763406; 0; 11.1047; 12.5817; 5; 2.00162; 0; 5; 60.098; 0.000516817; 
0; 1; 0; 55; 56; 3.45312; 0.040214; 0; 0; 0; 36; 9; 4.21563; 0; 0; 25.3315; 5; 1.26051; 1; 6; 11.9583; 0.000507375; 
0; 1; 1; 75; 76; 3.625; 0.014827; 1; 1; 0; 22.6885; 6; 0.508745; 0; 0; 21.6198; 4; 0.173893; 1; 6; 17.5164; 0.000503782; 
0; 1; 0; 71; 72; 3.76562; 0.012331; 1; 0; 0; 24.9889; 6; 0.288109; 0; 0; 23.6156; 4; 0.291471; 1; 6; 19.8157; 0.000405814; 
0; 1; 0; 109; 110; 3.9375; 0.01841; 1; 0; 0; 25.2949; 6; 0.93558; 0; 0; 24.9841; 5; 0.580356; 1; 6; 28.5373; 0.000491146; 
0; 1; 0; 91; 92; 4.04688; 0.024625; 1; 1; 0; 23.0882; 5; 0.345443; 0; 0; 25.1446; 5; 0.44568; 1; 6; 24.809; 0.000441212; 
0; 1; 0; 60; 61; 4.0625; 0.015043; 1; 0; 0; 23.5862; 6; 0.269759; 0; 0; 25.1364; 5; 1.45593; 1; 6; 15.0902; 0.000460236; 
.
